  C++.cpp
E:\Project\2\C++\C++\C++.cpp(9,6): warning C4101: result: неиспользованная локальная переменная
E:\Project\2\C++\C++\C++.cpp(17,6): warning C4101: result: неиспользованная локальная переменная
E:\Project\2\C++\C++\C++.cpp(30,12): warning C4244: аргумент: преобразование "time_t" в "unsigned int", возможна потеря данных
E:\Project\2\C++\C++\C++.cpp(60,6): error C2086: int res: переопределение
E:\Project\2\C++\C++\C++.cpp(60,16): error C2086: int num1: переопределение
E:\Project\2\C++\C++\C++.cpp(83,14): warning C4305: инициализация: усечение из "double" в "float"
E:\Project\2\C++\C++\C++.cpp(91,8): error C2086: float fathom: переопределение
E:\Project\2\C++\C++\C++.cpp(91,25): error C2086: float result: переопределение
E:\Project\2\C++\C++\C++.cpp(92,15): warning C4305: инициализация: усечение из "double" в "float"
E:\Project\2\C++\C++\C++.cpp(148,6): error C2371: result: переопределение; различные базовые типы
E:\Project\2\C++\C++\C++.cpp(149,89): error C2088: встроенный оператор "<<" не может быть применен к операнду типа "std::basic_ostream<char,std::char_traits<char>>"
E:\Project\2\C++\C++\C++.cpp(156,8): error C2086: float result: переопределение
E:\Project\2\C++\C++\C++.cpp(156,27): warning C4244: аргумент: преобразование "float" в "int", возможна потеря данных
E:\Project\2\C++\C++\C++.cpp(157,89): error C2088: встроенный оператор "<<" не может быть применен к операнду типа "std::basic_ostream<char,std::char_traits<char>>"
E:\Project\2\C++\C++\C++.cpp(161,6): error C2086: int num1: переопределение
E:\Project\2\C++\C++\C++.cpp(161,12): error C2086: int num2: переопределение
E:\Project\2\C++\C++\C++.cpp(166,6): error C2371: result: переопределение; различные базовые типы
E:\Project\2\C++\C++\C++.cpp(167,42): error C2088: встроенный оператор "<<" не может быть применен к операнду типа "std::basic_ostream<char,std::char_traits<char>>"
E:\Project\2\C++\C++\C++.cpp(171,7): error C2040: num: "int [5]" отличается по уровням косвенного обращения от "int"
E:\Project\2\C++\C++\C++.cpp(172,3): error C2371: result: переопределение; различные базовые типы
E:\Project\2\C++\C++\C++.cpp(178,15): error C2109: для индекса требуется массив или указатель
E:\Project\2\C++\C++\C++.cpp(179,17): error C2109: для индекса требуется массив или указатель
E:\Project\2\C++\C++\C++.cpp(180,8): error C2088: встроенный оператор "<<" не может быть применен к операнду типа "std::ostream"
